2025-10-26 19:30:40,403 WARNING database DDL Query made to DB:
create table `tabChapter Reference` (
			name varchar(140) primary key,
			creation datetime(6),
			modified datetime(6),
			modified_by varchar(140),
			owner varchar(140),
			docstatus tinyint not null default '0',
			idx int not null default '0',
			`chapter` varchar(140),
parent varchar(140),
parentfield varchar(140),
parenttype varchar(140),
index parent(parent))
			ENGINE=InnoDB
			ROW_FORMAT=DYNAMIC
			CHARACTER SET=utf8mb4
			COLLATE=utf8mb4_unicode_ci
2025-10-26 19:30:40,583 WARNING database DDL Query made to DB:
create table `tabLMS Program` (
			name varchar(140) primary key,
			creation datetime(6),
			modified datetime(6),
			modified_by varchar(140),
			owner varchar(140),
			docstatus tinyint not null default '0',
			idx int not null default '0',
			`title` varchar(140) UNIQUE,
`published` tinyint(4) NOT NULL DEFAULT 0,
`enforce_course_order` tinyint(4) NOT NULL DEFAULT 0,
`course_count` int(11) NOT NULL DEFAULT 0,
`member_count` int(11) NOT NULL DEFAULT 0,
`_user_tags` text,
`_comments` text,
`_assign` text,
`_liked_by` text,
index creation(creation))
			ENGINE=InnoDB
			ROW_FORMAT=DYNAMIC
			CHARACTER SET=utf8mb4
			COLLATE=utf8mb4_unicode_ci
2025-10-26 19:30:40,767 WARNING database DDL Query made to DB:
create table `tabLMS Lesson Note` (
			name varchar(140) primary key,
			creation datetime(6),
			modified datetime(6),
			modified_by varchar(140),
			owner varchar(140),
			docstatus tinyint not null default '0',
			idx int not null default '0',
			`lesson` varchar(140),
`course` varchar(140),
`member` varchar(140),
`color` varchar(140),
`highlighted_text` text,
`note` longtext,
`_user_tags` text,
`_comments` text,
`_assign` text,
`_liked_by` text,
index creation(creation))
			ENGINE=InnoDB
			ROW_FORMAT=DYNAMIC
			CHARACTER SET=utf8mb4
			COLLATE=utf8mb4_unicode_ci
2025-10-26 19:30:40,940 WARNING database DDL Query made to DB:
create table `tabLMS Quiz Submission` (
			name varchar(140) primary key,
			creation datetime(6),
			modified datetime(6),
			modified_by varchar(140),
			owner varchar(140),
			docstatus tinyint not null default '0',
			idx int not null default '0',
			`quiz` varchar(140),
`quiz_title` varchar(140),
`course` varchar(140),
`member` varchar(140),
`member_name` varchar(140),
`score` int(11) NOT NULL DEFAULT 0,
`score_out_of` int(11) NOT NULL DEFAULT 0,
`percentage` int(11) NOT NULL DEFAULT 0,
`passing_percentage` int(11) NOT NULL DEFAULT 0,
`_user_tags` text,
`_comments` text,
`_assign` text,
`_liked_by` text,
index creation(creation),
index modified(modified))
			ENGINE=InnoDB
			ROW_FORMAT=DYNAMIC
			CHARACTER SET=utf8mb4
			COLLATE=utf8mb4_unicode_ci
2025-10-26 19:30:41,088 WARNING database DDL Query made to DB:
create table `tabLMS Live Class Participant` (
			name varchar(140) primary key,
			creation datetime(6),
			modified datetime(6),
			modified_by varchar(140),
			owner varchar(140),
			docstatus tinyint not null default '0',
			idx int not null default '0',
			`live_class` varchar(140),
`joined_at` datetime(6),
`duration` int(11) NOT NULL DEFAULT 0,
`left_at` datetime(6),
`member` varchar(140),
`member_name` varchar(140),
`member_image` text,
`member_username` varchar(140),
`_user_tags` text,
`_comments` text,
`_assign` text,
`_liked_by` text,
index creation(creation))
			ENGINE=InnoDB
			ROW_FORMAT=DYNAMIC
			CHARACTER SET=utf8mb4
			COLLATE=utf8mb4_unicode_ci
2025-10-26 19:30:41,222 WARNING database DDL Query made to DB:
create table `tabLMS Timetable Legend` (
			name varchar(140) primary key,
			creation datetime(6),
			modified datetime(6),
			modified_by varchar(140),
			owner varchar(140),
			docstatus tinyint not null default '0',
			idx int not null default '0',
			`reference_doctype` varchar(140),
`label` varchar(140),
`color` varchar(140),
parent varchar(140),
parentfield varchar(140),
parenttype varchar(140),
index parent(parent))
			ENGINE=InnoDB
			ROW_FORMAT=DYNAMIC
			CHARACTER SET=utf8mb4
			COLLATE=utf8mb4_unicode_ci
2025-10-26 19:30:41,438 WARNING database DDL Query made to DB:
create table `tabLMS Certificate` (
			name varchar(140) primary key,
			creation datetime(6),
			modified datetime(6),
			modified_by varchar(140),
			owner varchar(140),
			docstatus tinyint not null default '0',
			idx int not null default '0',
			`member` varchar(140),
`member_name` varchar(140),
`evaluator` varchar(140),
`evaluator_name` varchar(140),
`issue_date` date,
`expiry_date` date,
`template` varchar(140),
`published` tinyint(4) NOT NULL DEFAULT 0,
`course` varchar(140),
`course_title` varchar(140),
`batch_name` varchar(140),
`batch_title` varchar(140),
`_user_tags` text,
`_comments` text,
`_assign` text,
`_liked_by` text,
index creation(creation),
index modified(modified))
			ENGINE=InnoDB
			ROW_FORMAT=DYNAMIC
			CHARACTER SET=utf8mb4
			COLLATE=utf8mb4_unicode_ci
2025-10-26 19:30:41,575 WARNING database DDL Query made to DB:
create table `tabLMS Assessment` (
			name varchar(140) primary key,
			creation datetime(6),
			modified datetime(6),
			modified_by varchar(140),
			owner varchar(140),
			docstatus tinyint not null default '0',
			idx int not null default '0',
			`assessment_type` varchar(140),
`assessment_name` varchar(140),
parent varchar(140),
parentfield varchar(140),
parenttype varchar(140),
index parent(parent))
			ENGINE=InnoDB
			ROW_FORMAT=DYNAMIC
			CHARACTER SET=utf8mb4
			COLLATE=utf8mb4_unicode_ci
2025-10-26 19:30:41,789 WARNING database DDL Query made to DB:
create table `tabLMS Course` (
			name varchar(140) primary key,
			creation datetime(6),
			modified datetime(6),
			modified_by varchar(140),
			owner varchar(140),
			docstatus tinyint not null default '0',
			idx int not null default '0',
			`title` varchar(140),
`video_link` varchar(140),
`tags` varchar(140),
`category` varchar(140),
`status` varchar(140) DEFAULT 'In Progress',
`image` text,
`card_gradient` varchar(140),
`published` tinyint(4) NOT NULL DEFAULT 0,
`published_on` date,
`upcoming` tinyint(4) NOT NULL DEFAULT 0,
`featured` tinyint(4) NOT NULL DEFAULT 0,
`disable_self_learning` tinyint(4) NOT NULL DEFAULT 0,
`short_introduction` text,
`description` longtext,
`paid_course` tinyint(4) NOT NULL DEFAULT 0,
`enable_certification` tinyint(4) NOT NULL DEFAULT 0,
`paid_certificate` tinyint(4) NOT NULL DEFAULT 0,
`course_price` decimal(21,9) NOT NULL DEFAULT 0.0,
`currency` varchar(140),
`amount_usd` decimal(21,9) NOT NULL DEFAULT 0.0,
`evaluator` varchar(140),
`timezone` varchar(140),
`enrollments` int(11) NOT NULL DEFAULT 0,
`lessons` int(11) NOT NULL DEFAULT 0,
`rating` varchar(140) DEFAULT '0',
`_user_tags` text,
`_comments` text,
`_assign` text,
`_liked_by` text,
index creation(creation))
			ENGINE=InnoDB
			ROW_FORMAT=DYNAMIC
			CHARACTER SET=utf8mb4
			COLLATE=utf8mb4_unicode_ci
2025-10-26 19:30:41,970 WARNING database DDL Query made to DB:
create table `tabFunction` (
			name varchar(140) primary key,
			creation datetime(6),
			modified datetime(6),
			modified_by varchar(140),
			owner varchar(140),
			docstatus tinyint not null default '0',
			idx int not null default '0',
			`function` varchar(140) UNIQUE,
`_user_tags` text,
`_comments` text,
`_assign` text,
`_liked_by` text,
index creation(creation),
index modified(modified))
			ENGINE=InnoDB
			ROW_FORMAT=DYNAMIC
			CHARACTER SET=utf8mb4
			COLLATE=utf8mb4_unicode_ci
2025-10-26 19:30:42,176 WARNING database DDL Query made to DB:
create table `tabCourse Lesson` (
			name varchar(140) primary key,
			creation datetime(6),
			modified datetime(6),
			modified_by varchar(140),
			owner varchar(140),
			docstatus tinyint not null default '0',
			idx int not null default '0',
			`title` varchar(140),
`include_in_preview` tinyint(4) NOT NULL DEFAULT 0,
`chapter` varchar(140),
`is_scorm_package` tinyint(4) NOT NULL DEFAULT 0,
`course` varchar(140),
`content` text,
`body` longtext,
`instructor_content` text,
`instructor_notes` longtext,
`youtube` varchar(140),
`quiz_id` varchar(140),
`question` text,
`file_type` varchar(140),
`_user_tags` text,
`_comments` text,
`_assign` text,
`_liked_by` text,
index creation(creation),
index modified(modified))
			ENGINE=InnoDB
			ROW_FORMAT=DYNAMIC
			CHARACTER SET=utf8mb4
			COLLATE=utf8mb4_unicode_ci
2025-10-26 19:30:42,374 WARNING database DDL Query made to DB:
create table `tabLMS Quiz` (
			name varchar(140) primary key,
			creation datetime(6),
			modified datetime(6),
			modified_by varchar(140),
			owner varchar(140),
			docstatus tinyint not null default '0',
			idx int not null default '0',
			`title` varchar(140) UNIQUE,
`max_attempts` int(11) NOT NULL DEFAULT 0,
`show_answers` tinyint(4) NOT NULL DEFAULT 1,
`show_submission_history` tinyint(4) NOT NULL DEFAULT 0,
`total_marks` int(11) NOT NULL DEFAULT 0,
`passing_percentage` int(11) NOT NULL DEFAULT 0,
`duration` varchar(140),
`shuffle_questions` tinyint(4) NOT NULL DEFAULT 0,
`limit_questions_to` int(11) NOT NULL DEFAULT 0,
`enable_negative_marking` tinyint(4) NOT NULL DEFAULT 0,
`marks_to_cut` int(11) NOT NULL DEFAULT 1,
`lesson` varchar(140),
`course` varchar(140),
`_user_tags` text,
`_comments` text,
`_assign` text,
`_liked_by` text,
index creation(creation),
index modified(modified))
			ENGINE=InnoDB
			ROW_FORMAT=DYNAMIC
			CHARACTER SET=utf8mb4
			COLLATE=utf8mb4_unicode_ci
2025-10-26 19:30:42,535 WARNING database DDL Query made to DB:
create table `tabIndustry` (
			name varchar(140) primary key,
			creation datetime(6),
			modified datetime(6),
			modified_by varchar(140),
			owner varchar(140),
			docstatus tinyint not null default '0',
			idx int not null default '0',
			`industry` varchar(140) UNIQUE,
`_user_tags` text,
`_comments` text,
`_assign` text,
`_liked_by` text,
index creation(creation),
index modified(modified))
			ENGINE=InnoDB
			ROW_FORMAT=DYNAMIC
			CHARACTER SET=utf8mb4
			COLLATE=utf8mb4_unicode_ci
2025-10-26 19:30:42,714 WARNING database DDL Query made to DB:
create table `tabExercise Submission` (
			name varchar(140) primary key,
			creation datetime(6),
			modified datetime(6),
			modified_by varchar(140),
			owner varchar(140),
			docstatus tinyint not null default '0',
			idx int not null default '0',
			`exercise` varchar(140),
`status` varchar(140),
`batch_old` varchar(140),
`exercise_title` varchar(140),
`course` varchar(140),
`lesson` varchar(140),
`solution` longtext,
`image` longtext,
`test_results` text,
`comments` text,
`member` varchar(140),
`_user_tags` text,
`_comments` text,
`_assign` text,
`_liked_by` text,
index creation(creation),
index modified(modified))
			ENGINE=InnoDB
			ROW_FORMAT=DYNAMIC
			CHARACTER SET=utf8mb4
			COLLATE=utf8mb4_unicode_ci
2025-10-26 19:30:42,856 WARNING database DDL Query made to DB:
create table `tabPreferred Industry` (
			name varchar(140) primary key,
			creation datetime(6),
			modified datetime(6),
			modified_by varchar(140),
			owner varchar(140),
			docstatus tinyint not null default '0',
			idx int not null default '0',
			`industry` varchar(140),
parent varchar(140),
parentfield varchar(140),
parenttype varchar(140),
index parent(parent))
			ENGINE=InnoDB
			ROW_FORMAT=DYNAMIC
			CHARACTER SET=utf8mb4
			COLLATE=utf8mb4_unicode_ci
2025-10-26 19:30:43,075 WARNING database DDL Query made to DB:
create table `tabLMS Enrollment` (
			name varchar(140) primary key,
			creation datetime(6),
			modified datetime(6),
			modified_by varchar(140),
			owner varchar(140),
			docstatus tinyint not null default '0',
			idx int not null default '0',
			`course` varchar(140),
`progress` decimal(21,9) NOT NULL DEFAULT 0.0,
`payment` varchar(140),
`current_lesson` varchar(140),
`member` varchar(140),
`member_name` varchar(140),
`member_username` varchar(140),
`member_image` text,
`purchased_certificate` tinyint(4) NOT NULL DEFAULT 0,
`certificate` varchar(140),
`cohort` varchar(140),
`subgroup` varchar(140),
`batch_old` varchar(140),
`member_type` varchar(140) DEFAULT 'Student',
`role` varchar(140) DEFAULT 'Member',
`_user_tags` text,
`_comments` text,
`_assign` text,
`_liked_by` text,
index `course`(`course`),
index `member`(`member`),
index creation(creation),
index modified(modified))
			ENGINE=InnoDB
			ROW_FORMAT=DYNAMIC
			CHARACTER SET=utf8mb4
			COLLATE=utf8mb4_unicode_ci
2025-10-26 19:30:43,220 WARNING database DDL Query made to DB:
create table `tabPayment Country` (
			name varchar(140) primary key,
			creation datetime(6),
			modified datetime(6),
			modified_by varchar(140),
			owner varchar(140),
			docstatus tinyint not null default '0',
			idx int not null default '0',
			`country` varchar(140),
parent varchar(140),
parentfield varchar(140),
parenttype varchar(140),
index parent(parent))
			ENGINE=InnoDB
			ROW_FORMAT=DYNAMIC
			CHARACTER SET=utf8mb4
			COLLATE=utf8mb4_unicode_ci
2025-10-26 19:30:43,370 WARNING database DDL Query made to DB:
create table `tabLMS Exercise` (
			name varchar(140) primary key,
			creation datetime(6),
			modified datetime(6),
			modified_by varchar(140),
			owner varchar(140),
			docstatus tinyint not null default '0',
			idx int not null default '0',
			`title` varchar(140),
`description` text,
`code` longtext,
`answer` longtext,
`course` varchar(140),
`hints` text,
`tests` longtext,
`image` longtext,
`lesson` varchar(140),
`index_` int(11) NOT NULL DEFAULT 0,
`index_label` varchar(140),
`_user_tags` text,
`_comments` text,
`_assign` text,
`_liked_by` text,
index creation(creation))
			ENGINE=InnoDB
			ROW_FORMAT=DYNAMIC
			CHARACTER SET=utf8mb4
			COLLATE=utf8mb4_unicode_ci
2025-10-26 19:30:43,498 WARNING database DDL Query made to DB:
create table `tabCertification` (
			name varchar(140) primary key,
			creation datetime(6),
			modified datetime(6),
			modified_by varchar(140),
			owner varchar(140),
			docstatus tinyint not null default '0',
			idx int not null default '0',
			`certification_name` varchar(140),
`organization` varchar(140),
`description` text,
`expire` tinyint(4) NOT NULL DEFAULT 0,
`issue_date` date,
`expiration_date` varchar(140),
parent varchar(140),
parentfield varchar(140),
parenttype varchar(140),
index parent(parent))
			ENGINE=InnoDB
			ROW_FORMAT=DYNAMIC
			CHARACTER SET=utf8mb4
			COLLATE=utf8mb4_unicode_ci
2025-10-26 19:30:43,633 WARNING database DDL Query made to DB:
create table `tabLMS Batch Feedback` (
			name varchar(140) primary key,
			creation datetime(6),
			modified datetime(6),
			modified_by varchar(140),
			owner varchar(140),
			docstatus tinyint not null default '0',
			idx int not null default '0',
			`member` varchar(140),
`member_name` varchar(140),
`member_image` text,
`batch` varchar(140),
`content` decimal(3,2),
`instructors` decimal(3,2),
`value` decimal(3,2),
`feedback` text,
`_user_tags` text,
`_comments` text,
`_assign` text,
`_liked_by` text,
index creation(creation))
			ENGINE=InnoDB
			ROW_FORMAT=DYNAMIC
			CHARACTER SET=utf8mb4
			COLLATE=utf8mb4_unicode_ci
2025-10-26 19:30:43,812 WARNING database DDL Query made to DB:
create table `tabLMS Badge Assignment` (
			name varchar(140) primary key,
			creation datetime(6),
			modified datetime(6),
			modified_by varchar(140),
			owner varchar(140),
			docstatus tinyint not null default '0',
			idx int not null default '0',
			`member` varchar(140),
`member_name` varchar(140),
`member_username` varchar(140),
`member_image` text,
`issued_on` date,
`badge` varchar(140),
`badge_image` text,
`badge_description` text,
`_user_tags` text,
`_comments` text,
`_assign` text,
`_liked_by` text,
index creation(creation))
			ENGINE=InnoDB
			ROW_FORMAT=DYNAMIC
			CHARACTER SET=utf8mb4
			COLLATE=utf8mb4_unicode_ci
2025-10-26 19:30:44,084 WARNING database DDL Query made to DB:
create table `tabLMS Batch` (
			name varchar(140) primary key,
			creation datetime(6),
			modified datetime(6),
			modified_by varchar(140),
			owner varchar(140),
			docstatus tinyint not null default '0',
			idx int not null default '0',
			`title` varchar(140),
`start_date` date,
`end_date` date,
`start_time` time(6),
`end_time` time(6),
`timezone` varchar(140),
`published` tinyint(4) NOT NULL DEFAULT 0,
`allow_self_enrollment` tinyint(4) NOT NULL DEFAULT 0,
`certification` tinyint(4) NOT NULL DEFAULT 0,
`description` text,
`zoom_account` varchar(140),
`medium` varchar(140) DEFAULT 'Online',
`category` varchar(140),
`confirmation_email_template` varchar(140),
`seat_count` int(11) NOT NULL DEFAULT 0,
`evaluation_end_date` date,
`meta_image` text,
`batch_details` longtext,
`batch_details_raw` longtext,
`timetable_template` varchar(140),
`show_live_class` tinyint(4) NOT NULL DEFAULT 0,
`allow_future` tinyint(4) NOT NULL DEFAULT 1,
`paid_batch` tinyint(4) NOT NULL DEFAULT 0,
`amount` decimal(21,9) NOT NULL DEFAULT 0.0,
`currency` varchar(140),
`amount_usd` decimal(21,9) NOT NULL DEFAULT 0.0,
`custom_component` longtext,
`custom_script` longtext,
`_user_tags` text,
`_comments` text,
`_assign` text,
`_liked_by` text,
index creation(creation),
index modified(modified))
			ENGINE=InnoDB
			ROW_FORMAT=DYNAMIC
			CHARACTER SET=utf8mb4
			COLLATE=utf8mb4_unicode_ci
2025-10-26 19:30:44,260 WARNING database DDL Query made to DB:
create table `tabLMS Category` (
			name varchar(140) primary key,
			creation datetime(6),
			modified datetime(6),
			modified_by varchar(140),
			owner varchar(140),
			docstatus tinyint not null default '0',
			idx int not null default '0',
			`category` varchar(140) UNIQUE,
`_user_tags` text,
`_comments` text,
`_assign` text,
`_liked_by` text,
index creation(creation),
index modified(modified))
			ENGINE=InnoDB
			ROW_FORMAT=DYNAMIC
			CHARACTER SET=utf8mb4
			COLLATE=utf8mb4_unicode_ci
2025-10-26 19:30:44,392 WARNING database DDL Query made to DB:
create table `tabRelated Courses` (
			name varchar(140) primary key,
			creation datetime(6),
			modified datetime(6),
			modified_by varchar(140),
			owner varchar(140),
			docstatus tinyint not null default '0',
			idx int not null default '0',
			`course` varchar(140),
parent varchar(140),
parentfield varchar(140),
parenttype varchar(140),
index parent(parent))
			ENGINE=InnoDB
			ROW_FORMAT=DYNAMIC
			CHARACTER SET=utf8mb4
			COLLATE=utf8mb4_unicode_ci
2025-10-26 19:30:44,545 WARNING database DDL Query made to DB:
create table `tabCohort Staff` (
			name varchar(140) primary key,
			creation datetime(6),
			modified datetime(6),
			modified_by varchar(140),
			owner varchar(140),
			docstatus tinyint not null default '0',
			idx int not null default '0',
			`cohort` varchar(140),
`course` varchar(140),
`email` varchar(140),
`role` varchar(140),
`_user_tags` text,
`_comments` text,
`_assign` text,
`_liked_by` text,
index creation(creation),
index modified(modified))
			ENGINE=InnoDB
			ROW_FORMAT=DYNAMIC
			CHARACTER SET=utf8mb4
			COLLATE=utf8mb4_unicode_ci
2025-10-26 19:30:44,666 WARNING database DDL Query made to DB:
create table `tabLesson Reference` (
			name varchar(140) primary key,
			creation datetime(6),
			modified datetime(6),
			modified_by varchar(140),
			owner varchar(140),
			docstatus tinyint not null default '0',
			idx int not null default '0',
			`lesson` varchar(140),
parent varchar(140),
parentfield varchar(140),
parenttype varchar(140),
index parent(parent))
			ENGINE=InnoDB
			ROW_FORMAT=DYNAMIC
			CHARACTER SET=utf8mb4
			COLLATE=utf8mb4_unicode_ci
2025-10-26 19:30:44,799 WARNING database DDL Query made to DB:
create table `tabSkills` (
			name varchar(140) primary key,
			creation datetime(6),
			modified datetime(6),
			modified_by varchar(140),
			owner varchar(140),
			docstatus tinyint not null default '0',
			idx int not null default '0',
			`skill_name` varchar(140),
parent varchar(140),
parentfield varchar(140),
parenttype varchar(140),
index parent(parent))
			ENGINE=InnoDB
			ROW_FORMAT=DYNAMIC
			CHARACTER SET=utf8mb4
			COLLATE=utf8mb4_unicode_ci
2025-10-26 19:30:44,927 WARNING database DDL Query made to DB:
create table `tabLMS Option` (
			name varchar(140) primary key,
			creation datetime(6),
			modified datetime(6),
			modified_by varchar(140),
			owner varchar(140),
			docstatus tinyint not null default '0',
			idx int not null default '0',
			`option` varchar(140),
`is_correct` tinyint(4) NOT NULL DEFAULT 0,
parent varchar(140),
parentfield varchar(140),
parenttype varchar(140),
index parent(parent))
			ENGINE=InnoDB
			ROW_FORMAT=DYNAMIC
			CHARACTER SET=utf8mb4
			COLLATE=utf8mb4_unicode_ci
2025-10-26 19:30:45,272 WARNING database DDL Query made to DB:
create table `tabCohort` (
			name varchar(140) primary key,
			creation datetime(6),
			modified datetime(6),
			modified_by varchar(140),
			owner varchar(140),
			docstatus tinyint not null default '0',
			idx int not null default '0',
			`course` varchar(140),
`title` varchar(140),
`slug` varchar(140) UNIQUE,
`instructor` varchar(140),
`status` varchar(140),
`begin_date` date,
`end_date` date,
`duration` varchar(140),
`description` longtext,
`_user_tags` text,
`_comments` text,
`_assign` text,
`_liked_by` text,
index creation(creation),
index modified(modified))
			ENGINE=InnoDB
			ROW_FORMAT=DYNAMIC
			CHARACTER SET=utf8mb4
			COLLATE=utf8mb4_unicode_ci
2025-10-26 19:30:45,444 WARNING database DDL Query made to DB:
create table `tabLMS Program Member` (
			name varchar(140) primary key,
			creation datetime(6),
			modified datetime(6),
			modified_by varchar(140),
			owner varchar(140),
			docstatus tinyint not null default '0',
			idx int not null default '0',
			`member` varchar(140),
`full_name` varchar(140),
`progress` int(11) NOT NULL DEFAULT 0,
parent varchar(140),
parentfield varchar(140),
parenttype varchar(140),
index parent(parent))
			ENGINE=InnoDB
			ROW_FORMAT=DYNAMIC
			CHARACTER SET=utf8mb4
			COLLATE=utf8mb4_unicode_ci
2025-10-26 19:30:45,645 WARNING database DDL Query made to DB:
create table `tabLMS Quiz Question` (
			name varchar(140) primary key,
			creation datetime(6),
			modified datetime(6),
			modified_by varchar(140),
			owner varchar(140),
			docstatus tinyint not null default '0',
			idx int not null default '0',
			`question` varchar(140),
`marks` int(11) NOT NULL DEFAULT 1,
`question_detail` text,
`type` varchar(140),
parent varchar(140),
parentfield varchar(140),
parenttype varchar(140),
index parent(parent))
			ENGINE=InnoDB
			ROW_FORMAT=DYNAMIC
			CHARACTER SET=utf8mb4
			COLLATE=utf8mb4_unicode_ci
2025-10-26 19:30:45,815 WARNING database DDL Query made to DB:
create table `tabLMS Course Interest` (
			name varchar(140) primary key,
			creation datetime(6),
			modified datetime(6),
			modified_by varchar(140),
			owner varchar(140),
			docstatus tinyint not null default '0',
			idx int not null default '0',
			`course` varchar(140),
`user` varchar(140),
`email_sent` tinyint(4) NOT NULL DEFAULT 0,
`_user_tags` text,
`_comments` text,
`_assign` text,
`_liked_by` text,
index creation(creation),
index modified(modified))
			ENGINE=InnoDB
			ROW_FORMAT=DYNAMIC
			CHARACTER SET=utf8mb4
			COLLATE=utf8mb4_unicode_ci
2025-10-26 19:30:46,038 WARNING database DDL Query made to DB:
create table `tabLMS Live Class` (
			name varchar(140) primary key,
			creation datetime(6),
			modified datetime(6),
			modified_by varchar(140),
			owner varchar(140),
			docstatus tinyint not null default '0',
			idx int not null default '0',
			`title` varchar(140),
`host` varchar(140),
`zoom_account` varchar(140),
`batch_name` varchar(140),
`date` date,
`time` time(6),
`duration` int(11) NOT NULL DEFAULT 0,
`timezone` varchar(140),
`description` text,
`event` varchar(140),
`auto_recording` varchar(140) DEFAULT 'No Recording',
`meeting_id` varchar(140),
`uuid` varchar(140),
`attendees` int(11) NOT NULL DEFAULT 0,
`password` text,
`start_url` text,
`join_url` text,
`_user_tags` text,
`_comments` text,
`_assign` text,
`_liked_by` text,
index creation(creation),
index modified(modified))
			ENGINE=InnoDB
			ROW_FORMAT=DYNAMIC
			CHARACTER SET=utf8mb4
			COLLATE=utf8mb4_unicode_ci
2025-10-26 19:30:46,247 WARNING database DDL Query made to DB:
create table `tabCohort Subgroup` (
			name varchar(140) primary key,
			creation datetime(6),
			modified datetime(6),
			modified_by varchar(140),
			owner varchar(140),
			docstatus tinyint not null default '0',
			idx int not null default '0',
			`cohort` varchar(140),
`slug` varchar(140),
`title` varchar(140),
`invite_code` varchar(140),
`course` varchar(140),
`description` longtext,
`_user_tags` text,
`_comments` text,
`_assign` text,
`_liked_by` text,
index creation(creation),
index modified(modified))
			ENGINE=InnoDB
			ROW_FORMAT=DYNAMIC
			CHARACTER SET=utf8mb4
			COLLATE=utf8mb4_unicode_ci
2025-10-26 19:30:46,404 WARNING database DDL Query made to DB:
create table `tabLMS Programming Exercise` (
			name varchar(140) primary key,
			creation datetime(6),
			modified datetime(6),
			modified_by varchar(140),
			owner varchar(140),
			docstatus tinyint not null default '0',
			idx int not null default '0',
			`title` varchar(140),
`language` varchar(140) DEFAULT 'Python',
`problem_statement` longtext,
`_user_tags` text,
`_comments` text,
`_assign` text,
`_liked_by` text,
index creation(creation))
			ENGINE=InnoDB
			ROW_FORMAT=DYNAMIC
			CHARACTER SET=utf8mb4
			COLLATE=utf8mb4_unicode_ci
2025-10-26 19:30:46,670 WARNING database DDL Query made to DB:
create table `tabLMS Timetable Template` (
			name varchar(140) primary key,
			creation datetime(6),
			modified datetime(6),
			modified_by varchar(140),
			owner varchar(140),
			docstatus tinyint not null default '0',
			idx int not null default '0',
			`title` varchar(140),
`_user_tags` text,
`_comments` text,
`_assign` text,
`_liked_by` text,
index creation(creation),
index modified(modified))
			ENGINE=InnoDB
			ROW_FORMAT=DYNAMIC
			CHARACTER SET=utf8mb4
			COLLATE=utf8mb4_unicode_ci
2025-10-26 19:30:46,905 WARNING database DDL Query made to DB:
create table `tabCohort Join Request` (
			name varchar(140) primary key,
			creation datetime(6),
			modified datetime(6),
			modified_by varchar(140),
			owner varchar(140),
			docstatus tinyint not null default '0',
			idx int not null default '0',
			`cohort` varchar(140),
`email` varchar(140),
`subgroup` varchar(140),
`status` varchar(140) DEFAULT 'Pending',
`_user_tags` text,
`_comments` text,
`_assign` text,
`_liked_by` text,
index creation(creation),
index modified(modified))
			ENGINE=InnoDB
			ROW_FORMAT=DYNAMIC
			CHARACTER SET=utf8mb4
			COLLATE=utf8mb4_unicode_ci
2025-10-26 19:30:47,068 WARNING database DDL Query made to DB:
create table `tabLMS Mentor Request` (
			name varchar(140) primary key,
			creation datetime(6),
			modified datetime(6),
			modified_by varchar(140),
			owner varchar(140),
			docstatus tinyint not null default '0',
			idx int not null default '0',
			`member` varchar(140),
`course` varchar(140),
`reviewed_by` varchar(140),
`member_name` varchar(140),
`status` varchar(140),
`comments` text,
`_user_tags` text,
`_comments` text,
`_assign` text,
`_liked_by` text,
index creation(creation),
index modified(modified))
			ENGINE=InnoDB
			ROW_FORMAT=DYNAMIC
			CHARACTER SET=utf8mb4
			COLLATE=utf8mb4_unicode_ci
2025-10-26 19:30:47,700 WARNING database DDL Query made to DB:
create table `tabJob Opportunity` (
			name varchar(140) primary key,
			creation datetime(6),
			modified datetime(6),
			modified_by varchar(140),
			owner varchar(140),
			docstatus tinyint not null default '0',
			idx int not null default '0',
			`job_title` varchar(140),
`location` varchar(140),
`country` varchar(140),
`type` varchar(140) DEFAULT 'Full Time',
`work_mode` varchar(140),
`status` varchar(140) DEFAULT 'Open',
`disabled` tinyint(4) NOT NULL DEFAULT 0,
`company_name` varchar(140),
`company_website` varchar(140),
`company_logo` text,
`company_email_address` varchar(140),
`description` longtext,
`_user_tags` text,
`_comments` text,
`_assign` text,
`_liked_by` text,
index creation(creation),
index modified(modified))
			ENGINE=InnoDB
			ROW_FORMAT=DYNAMIC
			CHARACTER SET=utf8mb4
			COLLATE=utf8mb4_unicode_ci
2025-10-26 19:30:47,885 WARNING database DDL Query made to DB:
create table `tabLMS Job Application` (
			name varchar(140) primary key,
			creation datetime(6),
			modified datetime(6),
			modified_by varchar(140),
			owner varchar(140),
			docstatus tinyint not null default '0',
			idx int not null default '0',
			`user` varchar(140),
`resume` text,
`job` varchar(140),
`job_title` varchar(140),
`company` varchar(140),
`_user_tags` text,
`_comments` text,
`_assign` text,
`_liked_by` text,
index creation(creation),
index modified(modified))
			ENGINE=InnoDB
			ROW_FORMAT=DYNAMIC
			CHARACTER SET=utf8mb4
			COLLATE=utf8mb4_unicode_ci
2025-10-26 19:30:50,849 WARNING database DDL Query made to DB:
ALTER TABLE `tabUser` ADD COLUMN `country` varchar(140)
2025-10-26 19:30:51,060 WARNING database DDL Query made to DB:
ALTER TABLE `tabUser` ADD COLUMN `verify_terms` tinyint(4) NOT NULL DEFAULT 0
2025-10-26 19:30:51,236 WARNING database DDL Query made to DB:
ALTER TABLE `tabUser` ADD COLUMN `user_category` varchar(140)
2025-10-26 19:30:51,660 WARNING database DDL Query made to DB:
ALTER TABLE `tabUser` ADD COLUMN `cover_image` text
2025-10-26 19:30:51,846 WARNING database DDL Query made to DB:
ALTER TABLE `tabUser` ADD COLUMN `looking_for_job` tinyint(4) NOT NULL DEFAULT 0
2025-10-26 19:30:52,024 WARNING database DDL Query made to DB:
ALTER TABLE `tabUser` ADD COLUMN `linkedin` varchar(140)
2025-10-26 19:30:52,222 WARNING database DDL Query made to DB:
ALTER TABLE `tabUser` ADD COLUMN `github` varchar(140)
2025-10-26 19:30:52,423 WARNING database DDL Query made to DB:
ALTER TABLE `tabUser` ADD COLUMN `medium` varchar(140)
2025-10-26 19:30:52,599 WARNING database DDL Query made to DB:
ALTER TABLE `tabUser` ADD COLUMN `profession` varchar(140)
2025-10-26 19:30:53,340 WARNING database DDL Query made to DB:
ALTER TABLE `tabUser` ADD COLUMN `hide_private` tinyint(4) NOT NULL DEFAULT 0
2025-10-26 19:30:54,815 WARNING database DDL Query made to DB:
ALTER TABLE `tabUser` ADD COLUMN `preferred_location` varchar(140)
2025-10-26 19:30:55,274 WARNING database DDL Query made to DB:
ALTER TABLE `tabUser` ADD COLUMN `dream_companies` varchar(140)
2025-10-26 19:30:55,580 WARNING database DDL Query made to DB:
ALTER TABLE `tabUser` ADD COLUMN `attire` varchar(140)
2025-10-26 19:30:55,765 WARNING database DDL Query made to DB:
ALTER TABLE `tabUser` ADD COLUMN `collaboration` varchar(140)
2025-10-26 19:30:55,979 WARNING database DDL Query made to DB:
ALTER TABLE `tabUser` ADD COLUMN `role` varchar(140)
2025-10-26 19:30:56,397 WARNING database DDL Query made to DB:
ALTER TABLE `tabUser` ADD COLUMN `location_preference` varchar(140)
2025-10-26 19:30:56,589 WARNING database DDL Query made to DB:
ALTER TABLE `tabUser` ADD COLUMN `time` varchar(140)
2025-10-26 19:30:56,785 WARNING database DDL Query made to DB:
ALTER TABLE `tabUser` ADD COLUMN `company_type` varchar(140)
2025-10-26 19:30:56,985 WARNING database DDL Query made to DB:
ALTER TABLE `tabUser` ADD COLUMN `headline` varchar(140)
2025-10-26 19:30:57,177 WARNING database DDL Query made to DB:
ALTER TABLE `tabUser` ADD COLUMN `city` varchar(140)
2025-10-26 19:30:57,371 WARNING database DDL Query made to DB:
ALTER TABLE `tabUser` ADD COLUMN `college` varchar(140)
2025-10-26 19:30:57,592 WARNING database DDL Query made to DB:
ALTER TABLE `tabUser` ADD COLUMN `branch` varchar(140)
2025-10-26 19:30:59,434 WARNING database DDL Query made to DB:
create table `tabFee Schedule` (
			name varchar(140) primary key,
			creation datetime(6),
			modified datetime(6),
			modified_by varchar(140),
			owner varchar(140),
			docstatus tinyint not null default '0',
			idx int not null default '0',
			`fee_structure` varchar(140),
`posting_date` date,
`due_date` date,
`naming_series` varchar(140),
`send_email` tinyint(4) NOT NULL DEFAULT 0,
`student_category` varchar(140),
`program` varchar(140),
`academic_year` varchar(140),
`academic_term` varchar(140),
`currency` varchar(140),
`total_amount` decimal(21,9) NOT NULL DEFAULT 0.0,
`grand_total` decimal(21,9) NOT NULL DEFAULT 0.0,
`grand_total_in_words` varchar(240),
`letter_head` varchar(140),
`select_print_heading` varchar(140),
`receivable_account` varchar(140),
`company` varchar(140),
`amended_from` varchar(140),
`cost_center` varchar(140),
`error_log` text,
`status` varchar(64),
`_user_tags` text,
`_comments` text,
`_assign` text,
`_liked_by` text,
index creation(creation),
index modified(modified))
			ENGINE=InnoDB
			ROW_FORMAT=DYNAMIC
			CHARACTER SET=utf8mb4
			COLLATE=utf8mb4_unicode_ci
2025-10-26 19:30:59,620 WARNING database DDL Query made to DB:
create table `tabAssessment Result Detail` (
			name varchar(140) primary key,
			creation datetime(6),
			modified datetime(6),
			modified_by varchar(140),
			owner varchar(140),
			docstatus tinyint not null default '0',
			idx int not null default '0',
			`assessment_criteria` varchar(140),
`maximum_score` decimal(21,9) NOT NULL DEFAULT 0.0,
`score` decimal(21,9) NOT NULL DEFAULT 0.0,
`grade` varchar(140),
parent varchar(140),
parentfield varchar(140),
parenttype varchar(140),
index parent(parent))
			ENGINE=InnoDB
			ROW_FORMAT=DYNAMIC
			CHARACTER SET=utf8mb4
			COLLATE=utf8mb4_unicode_ci
2025-10-26 19:30:59,871 WARNING database DDL Query made to DB:
create table `tabFee Schedule Details` (
			name varchar(140) primary key,
			creation datetime(6),
			modified datetime(6),
			modified_by varchar(140),
			owner varchar(140),
			docstatus tinyint not null default '0',
			idx int not null default '0',
			`month` varchar(140),
`due_date` date,
`amount` decimal(21,9) NOT NULL DEFAULT 0.0,
parent varchar(140),
parentfield varchar(140),
parenttype varchar(140),
index parent(parent))
			ENGINE=InnoDB
			ROW_FORMAT=DYNAMIC
			CHARACTER SET=utf8mb4
			COLLATE=utf8mb4_unicode_ci
2025-10-26 19:31:00,032 WARNING database DDL Query made to DB:
create table `tabAcademic Term` (
			name varchar(140) primary key,
			creation datetime(6),
			modified datetime(6),
			modified_by varchar(140),
			owner varchar(140),
			docstatus tinyint not null default '0',
			idx int not null default '0',
			`academic_year` varchar(140),
`term_name` varchar(140),
`term_start_date` date,
`term_end_date` date,
`title` varchar(140) UNIQUE,
`_user_tags` text,
`_comments` text,
`_assign` text,
`_liked_by` text,
index `term_start_date`(`term_start_date`),
index `term_end_date`(`term_end_date`),
index creation(creation))
			ENGINE=InnoDB
			ROW_FORMAT=DYNAMIC
			CHARACTER SET=utf8mb4
			COLLATE=utf8mb4_unicode_ci
2025-10-26 19:31:00,304 WARNING database DDL Query made to DB:
create table `tabAssessment Plan` (
			name varchar(140) primary key,
			creation datetime(6),
			modified datetime(6),
			modified_by varchar(140),
			owner varchar(140),
			docstatus tinyint not null default '0',
			idx int not null default '0',
			`student_group` varchar(140),
`assessment_name` varchar(140),
`assessment_group` varchar(140),
`grading_scale` varchar(140),
`program` varchar(140),
`course` varchar(140),
`academic_year` varchar(140),
`academic_term` varchar(140),
`schedule_date` date,
`room` varchar(140),
`examiner` varchar(140),
`examiner_name` varchar(140),
`from_time` time(6),
`to_time` time(6),
`supervisor` varchar(140),
`supervisor_name` varchar(140),
`maximum_assessment_score` decimal(21,9) NOT NULL DEFAULT 0.0,
`amended_from` varchar(140),
`_user_tags` text,
`_comments` text,
`_assign` text,
`_liked_by` text,
index creation(creation),
index modified(modified))
			ENGINE=InnoDB
			ROW_FORMAT=DYNAMIC
			CHARACTER SET=utf8mb4
			COLLATE=utf8mb4_unicode_ci
2025-10-26 19:31:00,486 WARNING database DDL Query made to DB:
create table `tabStudent Guardian` (
			name varchar(140) primary key,
			creation datetime(6),
			modified datetime(6),
			modified_by varchar(140),
			owner varchar(140),
			docstatus tinyint not null default '0',
			idx int not null default '0',
			`guardian` varchar(140),
`guardian_name` varchar(140),
`relation` varchar(140),
parent varchar(140),
parentfield varchar(140),
parenttype varchar(140),
index parent(parent))
			ENGINE=InnoDB
			ROW_FORMAT=DYNAMIC
			CHARACTER SET=utf8mb4
			COLLATE=utf8mb4_unicode_ci
2025-10-26 19:31:00,648 WARNING database DDL Query made to DB:
create table `tabStudent Admission Program` (
			name varchar(140) primary key,
			creation datetime(6),
			modified datetime(6),
			modified_by varchar(140),
			owner varchar(140),
			docstatus tinyint not null default '0',
			idx int not null default '0',
			`program` varchar(140),
`min_age` int(11) NOT NULL DEFAULT 0,
`max_age` int(11) NOT NULL DEFAULT 0,
`description` text,
`application_fee` decimal(21,9) NOT NULL DEFAULT 0.0,
`applicant_naming_series` varchar(140),
parent varchar(140),
parentfield varchar(140),
parenttype varchar(140),
index parent(parent))
			ENGINE=InnoDB
			ROW_FORMAT=DYNAMIC
			CHARACTER SET=utf8mb4
			COLLATE=utf8mb4_unicode_ci
2025-10-26 19:31:00,794 WARNING database DDL Query made to DB:
create table `tabQuiz Result` (
			name varchar(140) primary key,
			creation datetime(6),
			modified datetime(6),
			modified_by varchar(140),
			owner varchar(140),
			docstatus tinyint not null default '0',
			idx int not null default '0',
			`question` varchar(140),
`selected_option` varchar(140),
`quiz_result` varchar(140),
parent varchar(140),
parentfield varchar(140),
parenttype varchar(140),
index parent(parent))
			ENGINE=InnoDB
			ROW_FORMAT=DYNAMIC
			CHARACTER SET=utf8mb4
			COLLATE=utf8mb4_unicode_ci
2025-10-26 19:31:00,931 WARNING database DDL Query made to DB:
create table `tabStudent Group Instructor` (
			name varchar(140) primary key,
			creation datetime(6),
			modified datetime(6),
			modified_by varchar(140),
			owner varchar(140),
			docstatus tinyint not null default '0',
			idx int not null default '0',
			`instructor` varchar(140),
`instructor_name` varchar(140),
parent varchar(140),
parentfield varchar(140),
parenttype varchar(140),
index parent(parent))
			ENGINE=InnoDB
			ROW_FORMAT=DYNAMIC
			CHARACTER SET=utf8mb4
			COLLATE=utf8mb4_unicode_ci
2025-10-26 19:31:01,135 WARNING database DDL Query made to DB:
create table `tabInstructor` (
			name varchar(140) primary key,
			creation datetime(6),
			modified datetime(6),
			modified_by varchar(140),
			owner varchar(140),
			docstatus tinyint not null default '0',
			idx int not null default '0',
			`instructor_name` varchar(140),
`employee` varchar(140),
`gender` varchar(140),
`status` varchar(140) DEFAULT 'Active',
`naming_series` varchar(140),
`department` varchar(140),
`image` text,
`_user_tags` text,
`_comments` text,
`_assign` text,
`_liked_by` text,
index creation(creation),
index modified(modified))
			ENGINE=InnoDB
			ROW_FORMAT=DYNAMIC
			CHARACTER SET=utf8mb4
			COLLATE=utf8mb4_unicode_ci
2025-10-26 19:31:01,530 WARNING database DDL Query made to DB:
create table `tabPayment Record` (
			name varchar(140) primary key,
			creation datetime(6),
			modified datetime(6),
			modified_by varchar(140),
			owner varchar(140),
			docstatus tinyint not null default '0',
			idx int not null default '0',
			`student` varchar(140),
`mobile` varchar(140),
`email` varchar(140),
`status` varchar(140),
`against_invoice` varchar(140),
`order_id` varchar(140),
`payment_id` varchar(140),
`signature` varchar(140),
`failure_description` text,
`amount` decimal(21,9) NOT NULL DEFAULT 0.0,
`currency` varchar(140),
`address_line_1` varchar(140),
`address_line_2` varchar(140),
`pincode` varchar(140),
`city` varchar(140),
`state` varchar(140),
`country` varchar(140),
`_user_tags` text,
`_comments` text,
`_assign` text,
`_liked_by` text,
index creation(creation),
index modified(modified))
			ENGINE=InnoDB
			ROW_FORMAT=DYNAMIC
			CHARACTER SET=utf8mb4
			COLLATE=utf8mb4_unicode_ci
2025-10-26 19:31:01,710 WARNING database DDL Query made to DB:
create table `tabProgram Enrollment` (
			name varchar(140) primary key,
			creation datetime(6),
			modified datetime(6),
			modified_by varchar(140),
			owner varchar(140),
			docstatus tinyint not null default '0',
			idx int not null default '0',
			`student` varchar(140),
`student_name` varchar(140),
`enrollment_date` date,
`program` varchar(140),
`academic_year` varchar(140),
`academic_term` varchar(140),
`image` text,
`student_category` varchar(140),
`student_batch_name` varchar(140),
`school_house` varchar(140),
`boarding_student` tinyint(4) NOT NULL DEFAULT 0,
`amended_from` varchar(140),
`_user_tags` text,
`_comments` text,
`_assign` text,
`_liked_by` text,
index creation(creation),
index modified(modified))
			ENGINE=InnoDB
			ROW_FORMAT=DYNAMIC
			CHARACTER SET=utf8mb4
			COLLATE=utf8mb4_unicode_ci
2025-10-26 19:31:01,955 WARNING database DDL Query made to DB:
create table `tabCourse Schedule` (
			name varchar(140) primary key,
			creation datetime(6),
			modified datetime(6),
			modified_by varchar(140),
			owner varchar(140),
			docstatus tinyint not null default '0',
			idx int not null default '0',
			`student_group` varchar(140),
`instructor` varchar(140),
`instructor_name` varchar(140),
`naming_series` varchar(140),
`program` varchar(140),
`course` varchar(140),
`color` varchar(140),
`class_schedule_color` varchar(140) DEFAULT 'blue',
`schedule_date` date,
`room` varchar(140),
`from_time` time(6),
`to_time` time(6),
`title` varchar(140),
`_user_tags` text,
`_comments` text,
`_assign` text,
`_liked_by` text,
index creation(creation))
			ENGINE=InnoDB
			ROW_FORMAT=DYNAMIC
			CHARACTER SET=utf8mb4
			COLLATE=utf8mb4_unicode_ci
2025-10-26 19:31:02,201 WARNING database DDL Query made to DB:
create table `tabTopic` (
			name varchar(140) primary key,
			creation datetime(6),
			modified datetime(6),
			modified_by varchar(140),
			owner varchar(140),
			docstatus tinyint not null default '0',
			idx int not null default '0',
			`topic_name` varchar(140) UNIQUE,
`description` text,
`hero_image` text,
`_user_tags` text,
`_comments` text,
`_assign` text,
`_liked_by` text,
index creation(creation),
index modified(modified))
			ENGINE=InnoDB
			ROW_FORMAT=DYNAMIC
			CHARACTER SET=utf8mb4
			COLLATE=utf8mb4_unicode_ci
2025-10-26 19:31:02,374 WARNING database DDL Query made to DB:
create table `tabSchool House` (
			name varchar(140) primary key,
			creation datetime(6),
			modified datetime(6),
			modified_by varchar(140),
			owner varchar(140),
			docstatus tinyint not null default '0',
			idx int not null default '0',
			`house_name` varchar(140),
`_user_tags` text,
`_comments` text,
`_assign` text,
`_liked_by` text,
index creation(creation),
index modified(modified))
			ENGINE=InnoDB
			ROW_FORMAT=DYNAMIC
			CHARACTER SET=utf8mb4
			COLLATE=utf8mb4_unicode_ci
2025-10-26 19:31:02,540 WARNING database DDL Query made to DB:
create table `tabQuiz Activity` (
			name varchar(140) primary key,
			creation datetime(6),
			modified datetime(6),
			modified_by varchar(140),
			owner varchar(140),
			docstatus tinyint not null default '0',
			idx int not null default '0',
			`enrollment` varchar(140),
`student` varchar(140),
`course` varchar(140),
`quiz` varchar(140),
`status` varchar(140),
`activity_date` varchar(140),
`score` varchar(140),
`time_taken` decimal(21,9),
`_user_tags` text,
`_comments` text,
`_assign` text,
`_liked_by` text,
index creation(creation),
index modified(modified))
			ENGINE=InnoDB
			ROW_FORMAT=DYNAMIC
			CHARACTER SET=utf8mb4
			COLLATE=utf8mb4_unicode_ci
2025-10-26 19:31:02,813 WARNING database DDL Query made to DB:
create table `tabFee Structure` (
			name varchar(140) primary key,
			creation datetime(6),
			modified datetime(6),
			modified_by varchar(140),
			owner varchar(140),
			docstatus tinyint not null default '0',
			idx int not null default '0',
			`naming_series` varchar(140),
`program` varchar(140),
`student_category` varchar(140),
`academic_year` varchar(140),
`academic_term` varchar(140),
`total_amount` decimal(21,9) NOT NULL DEFAULT 0.0,
`receivable_account` varchar(140),
`company` varchar(140),
`amended_from` varchar(140),
`cost_center` varchar(140),
`_user_tags` text,
`_comments` text,
`_assign` text,
`_liked_by` text,
index `program`(`program`),
index `academic_term`(`academic_term`),
index creation(creation),
index modified(modified))
			ENGINE=InnoDB
			ROW_FORMAT=DYNAMIC
			CHARACTER SET=utf8mb4
			COLLATE=utf8mb4_unicode_ci
2025-10-26 19:31:03,178 WARNING database DDL Query made to DB:
create table `tabFee Component` (
			name varchar(140) primary key,
			creation datetime(6),
			modified datetime(6),
			modified_by varchar(140),
			owner varchar(140),
			docstatus tinyint not null default '0',
			idx int not null default '0',
			`fees_category` varchar(140),
`description` text,
`amount` decimal(21,9) NOT NULL DEFAULT 0.0,
`item` varchar(140),
`discount` decimal(21,9) NOT NULL DEFAULT 0.0,
`total` decimal(21,9) NOT NULL DEFAULT 0.0,
parent varchar(140),
parentfield varchar(140),
parenttype varchar(140),
index parent(parent))
			ENGINE=InnoDB
			ROW_FORMAT=DYNAMIC
			CHARACTER SET=utf8mb4
			COLLATE=utf8mb4_unicode_ci
2025-10-26 19:31:03,370 WARNING database DDL Query made to DB:
create table `tabAssessment Group` (
			name varchar(140) primary key,
			creation datetime(6),
			modified datetime(6),
			modified_by varchar(140),
			owner varchar(140),
			docstatus tinyint not null default '0',
			idx int not null default '0',
			`assessment_group_name` varchar(140) UNIQUE,
`parent_assessment_group` varchar(140),
`is_group` tinyint(4) NOT NULL DEFAULT 0,
`lft` int(11) NOT NULL DEFAULT 0,
`rgt` int(11) NOT NULL DEFAULT 0,
`old_parent` varchar(140),
`_user_tags` text,
`_comments` text,
`_assign` text,
`_liked_by` text,
index creation(creation),
index modified(modified))
			ENGINE=InnoDB
			ROW_FORMAT=DYNAMIC
			CHARACTER SET=utf8mb4
			COLLATE=utf8mb4_unicode_ci
2025-10-26 19:31:03,506 WARNING database DDL Query made to DB:
create table `tabStudent Siblings` (
			name varchar(140) primary key,
			creation datetime(6),
			modified datetime(6),
			modified_by varchar(140),
			owner varchar(140),
			docstatus tinyint not null default '0',
			idx int not null default '0',
			`name1` varchar(140),
`gender` varchar(140),
`date_of_birth` date,
parent varchar(140),
parentfield varchar(140),
parenttype varchar(140),
index parent(parent))
			ENGINE=InnoDB
			ROW_FORMAT=DYNAMIC
			CHARACTER SET=utf8mb4
			COLLATE=utf8mb4_unicode_ci
2025-10-26 19:31:03,691 WARNING database DDL Query made to DB:
create table `tabAssessment Criteria` (
			name varchar(140) primary key,
			creation datetime(6),
			modified datetime(6),
			modified_by varchar(140),
			owner varchar(140),
			docstatus tinyint not null default '0',
			idx int not null default '0',
			`assessment_criteria` varchar(140),
`assessment_criteria_group` varchar(140),
`_user_tags` text,
`_comments` text,
`_assign` text,
`_liked_by` text,
index creation(creation),
index modified(modified))
			ENGINE=InnoDB
			ROW_FORMAT=DYNAMIC
			CHARACTER SET=utf8mb4
			COLLATE=utf8mb4_unicode_ci
2025-10-26 19:31:03,846 WARNING database DDL Query made to DB:
create table `tabAssessment Criteria Group` (
			name varchar(140) primary key,
			creation datetime(6),
			modified datetime(6),
			modified_by varchar(140),
			owner varchar(140),
			docstatus tinyint not null default '0',
			idx int not null default '0',
			`assessment_criteria_group` varchar(140),
`_user_tags` text,
`_comments` text,
`_assign` text,
`_liked_by` text,
index creation(creation),
index modified(modified))
			ENGINE=InnoDB
			ROW_FORMAT=DYNAMIC
			CHARACTER SET=utf8mb4
			COLLATE=utf8mb4_unicode_ci
2025-10-26 19:31:03,980 WARNING database DDL Query made to DB:
create table `tabTopic Content` (
			name varchar(140) primary key,
			creation datetime(6),
			modified datetime(6),
			modified_by varchar(140),
			owner varchar(140),
			docstatus tinyint not null default '0',
			idx int not null default '0',
			`content_type` varchar(140),
`content` varchar(140),
parent varchar(140),
parentfield varchar(140),
parenttype varchar(140),
index parent(parent))
			ENGINE=InnoDB
			ROW_FORMAT=DYNAMIC
			CHARACTER SET=utf8mb4
			COLLATE=utf8mb4_unicode_ci
2025-10-26 19:31:04,173 WARNING database DDL Query made to DB:
create table `tabFee Category` (
			name varchar(140) primary key,
			creation datetime(6),
			modified datetime(6),
			modified_by varchar(140),
			owner varchar(140),
			docstatus tinyint not null default '0',
			idx int not null default '0',
			`category_name` varchar(140) UNIQUE,
`description` text,
`item` varchar(140),
`_user_tags` text,
`_comments` text,
`_assign` text,
`_liked_by` text,
index creation(creation),
index modified(modified))
			ENGINE=InnoDB
			ROW_FORMAT=DYNAMIC
			CHARACTER SET=utf8mb4
			COLLATE=utf8mb4_unicode_ci
2025-10-26 19:31:04,374 WARNING database DDL Query made to DB:
create table `tabAcademic Year` (
			name varchar(140) primary key,
			creation datetime(6),
			modified datetime(6),
			modified_by varchar(140),
			owner varchar(140),
			docstatus tinyint not null default '0',
			idx int not null default '0',
			`academic_year_name` varchar(140) UNIQUE,
`year_start_date` date,
`year_end_date` date,
`_user_tags` text,
`_comments` text,
`_assign` text,
`_liked_by` text,
index creation(creation),
index modified(modified))
			ENGINE=InnoDB
			ROW_FORMAT=DYNAMIC
			CHARACTER SET=utf8mb4
			COLLATE=utf8mb4_unicode_ci
2025-10-26 19:31:04,520 WARNING database DDL Query made to DB:
create table `tabProgram Enrollment Tool Student` (
			name varchar(140) primary key,
			creation datetime(6),
			modified datetime(6),
			modified_by varchar(140),
			owner varchar(140),
			docstatus tinyint not null default '0',
			idx int not null default '0',
			`student_applicant` varchar(140),
`student` varchar(140),
`student_name` varchar(140),
`student_batch_name` varchar(140),
`student_category` varchar(140),
parent varchar(140),
parentfield varchar(140),
parenttype varchar(140),
index parent(parent))
			ENGINE=InnoDB
			ROW_FORMAT=DYNAMIC
			CHARACTER SET=utf8mb4
			COLLATE=utf8mb4_unicode_ci
2025-10-26 19:31:04,671 WARNING database DDL Query made to DB:
create table `tabAssessment Plan Criteria` (
			name varchar(140) primary key,
			creation datetime(6),
			modified datetime(6),
			modified_by varchar(140),
			owner varchar(140),
			docstatus tinyint not null default '0',
			idx int not null default '0',
			`assessment_criteria` varchar(140),
`maximum_score` decimal(21,9) NOT NULL DEFAULT 0.0,
parent varchar(140),
parentfield varchar(140),
parenttype varchar(140),
index parent(parent))
			ENGINE=InnoDB
			ROW_FORMAT=DYNAMIC
			CHARACTER SET=utf8mb4
			COLLATE=utf8mb4_unicode_ci
2025-10-26 19:31:04,807 WARNING database DDL Query made to DB:
create table `tabStudent Group Creation Tool Course` (
			name varchar(140) primary key,
			creation datetime(6),
			modified datetime(6),
			modified_by varchar(140),
			owner varchar(140),
			docstatus tinyint not null default '0',
			idx int not null default '0',
			`group_based_on` varchar(140),
`course` varchar(140),
`batch` varchar(140),
`student_group_name` varchar(140),
`course_code` varchar(140),
`max_strength` int(11) NOT NULL DEFAULT 0,
parent varchar(140),
parentfield varchar(140),
parenttype varchar(140),
index parent(parent))
			ENGINE=InnoDB
			ROW_FORMAT=DYNAMIC
			CHARACTER SET=utf8mb4
			COLLATE=utf8mb4_unicode_ci
2025-10-26 19:31:05,147 WARNING database DDL Query made to DB:
create table `tabStudent Leave Application` (
			name varchar(140) primary key,
			creation datetime(6),
			modified datetime(6),
			modified_by varchar(140),
			owner varchar(140),
			docstatus tinyint not null default '0',
			idx int not null default '0',
			`student` varchar(140),
`student_name` varchar(140),
`from_date` date,
`to_date` date,
`total_leave_days` decimal(21,9) NOT NULL DEFAULT 0.0,
`attendance_based_on` varchar(140) DEFAULT 'Student Group',
`student_group` varchar(140),
`course_schedule` varchar(140),
`mark_as_present` tinyint(4) NOT NULL DEFAULT 0,
`reason` text,
`amended_from` varchar(140),
`_user_tags` text,
`_comments` text,
`_assign` text,
`_liked_by` text,
index creation(creation),
index modified(modified))
			ENGINE=InnoDB
			ROW_FORMAT=DYNAMIC
			CHARACTER SET=utf8mb4
			COLLATE=utf8mb4_unicode_ci
2025-10-26 19:31:05,330 WARNING database DDL Query made to DB:
create table `tabQuestion` (
			name varchar(140) primary key,
			creation datetime(6),
			modified datetime(6),
			modified_by varchar(140),
			owner varchar(140),
			docstatus tinyint not null default '0',
			idx int not null default '0',
			`question` longtext,
`question_type` varchar(140),
`_user_tags` text,
`_comments` text,
`_assign` text,
`_liked_by` text,
index creation(creation),
index modified(modified))
			ENGINE=InnoDB
			ROW_FORMAT=DYNAMIC
			CHARACTER SET=utf8mb4
			COLLATE=utf8mb4_unicode_ci
2025-10-26 19:31:05,510 WARNING database DDL Query made to DB:
create table `tabCourse Enrollment` (
			name varchar(140) primary key,
			creation datetime(6),
			modified datetime(6),
			modified_by varchar(140),
			owner varchar(140),
			docstatus tinyint not null default '0',
			idx int not null default '0',
			`program_enrollment` varchar(140),
`program` varchar(140),
`enrollment_date` date,
`course` varchar(140),
`student` varchar(140),
`student_name` varchar(140),
`_user_tags` text,
`_comments` text,
`_assign` text,
`_liked_by` text,
index creation(creation),
index modified(modified))
			ENGINE=InnoDB
			ROW_FORMAT=DYNAMIC
			CHARACTER SET=utf8mb4
			COLLATE=utf8mb4_unicode_ci
2025-10-26 19:31:05,747 WARNING database DDL Query made to DB:
create table `tabStudent Attendance` (
			name varchar(140) primary key,
			creation datetime(6),
			modified datetime(6),
			modified_by varchar(140),
			owner varchar(140),
			docstatus tinyint not null default '0',
			idx int not null default '0',
			`naming_series` varchar(140),
`student` varchar(140),
`student_name` varchar(140),
`student_mobile_number` varchar(140),
`course_schedule` varchar(140),
`student_group` varchar(140),
`date` date,
`status` varchar(140) DEFAULT 'Present',
`leave_application` varchar(140),
`amended_from` varchar(140),
`link_nvfk` varchar(140),
`_user_tags` text,
`_comments` text,
`_assign` text,
`_liked_by` text,
index `student`(`student`),
index `date`(`date`),
index creation(creation),
index modified(modified))
			ENGINE=InnoDB
			ROW_FORMAT=DYNAMIC
			CHARACTER SET=utf8mb4
			COLLATE=utf8mb4_unicode_ci
2025-10-26 19:31:05,895 WARNING database DDL Query made to DB:
create table `tabStudent Language` (
			name varchar(140) primary key,
			creation datetime(6),
			modified datetime(6),
			modified_by varchar(140),
			owner varchar(140),
			docstatus tinyint not null default '0',
			idx int not null default '0',
			`language_name` varchar(140) UNIQUE,
`_user_tags` text,
`_comments` text,
`_assign` text,
`_liked_by` text,
index creation(creation),
index modified(modified))
			ENGINE=InnoDB
			ROW_FORMAT=DYNAMIC
			CHARACTER SET=utf8mb4
			COLLATE=utf8mb4_unicode_ci
2025-10-26 19:31:06,007 WARNING database DDL Query made to DB:
create table `tabGrading Scale Interval` (
			name varchar(140) primary key,
			creation datetime(6),
			modified datetime(6),
			modified_by varchar(140),
			owner varchar(140),
			docstatus tinyint not null default '0',
			idx int not null default '0',
			`grade_code` varchar(140),
`threshold` decimal(21,1) NOT NULL DEFAULT 0.0,
`grade_description` text,
parent varchar(140),
parentfield varchar(140),
parenttype varchar(140),
index parent(parent))
			ENGINE=InnoDB
			ROW_FORMAT=DYNAMIC
			CHARACTER SET=utf8mb4
			COLLATE=utf8mb4_unicode_ci
2025-10-26 19:31:06,181 WARNING database DDL Query made to DB:
create table `tabInstructor Log` (
			name varchar(140) primary key,
			creation datetime(6),
			modified datetime(6),
			modified_by varchar(140),
			owner varchar(140),
			docstatus tinyint not null default '0',
			idx int not null default '0',
			`academic_year` varchar(140),
`academic_term` varchar(140),
`department` varchar(140),
`program` varchar(140),
`course` varchar(140),
`student_group` varchar(140),
`other_details` text,
parent varchar(140),
parentfield varchar(140),
parenttype varchar(140),
index parent(parent))
			ENGINE=InnoDB
			ROW_FORMAT=DYNAMIC
			CHARACTER SET=utf8mb4
			COLLATE=utf8mb4_unicode_ci
2025-10-26 19:31:06,434 WARNING database DDL Query made to DB:
create table `tabStudent Category` (
			name varchar(140) primary key,
			creation datetime(6),
			modified datetime(6),
			modified_by varchar(140),
			owner varchar(140),
			docstatus tinyint not null default '0',
			idx int not null default '0',
			`category` varchar(140) UNIQUE,
`_user_tags` text,
`_comments` text,
`_assign` text,
`_liked_by` text,
index creation(creation),
index modified(modified))
			ENGINE=InnoDB
			ROW_FORMAT=DYNAMIC
			CHARACTER SET=utf8mb4
			COLLATE=utf8mb4_unicode_ci
2025-10-26 19:31:06,600 WARNING database DDL Query made to DB:
create table `tabCourse Topic` (
			name varchar(140) primary key,
			creation datetime(6),
			modified datetime(6),
			modified_by varchar(140),
			owner varchar(140),
			docstatus tinyint not null default '0',
			idx int not null default '0',
			`topic` varchar(140),
`topic_name` varchar(140),
parent varchar(140),
parentfield varchar(140),
parenttype varchar(140),
index parent(parent))
			ENGINE=InnoDB
			ROW_FORMAT=DYNAMIC
			CHARACTER SET=utf8mb4
			COLLATE=utf8mb4_unicode_ci
2025-10-26 19:31:06,760 WARNING database DDL Query made to DB:
create table `tabProgram Course` (
			name varchar(140) primary key,
			creation datetime(6),
			modified datetime(6),
			modified_by varchar(140),
			owner varchar(140),
			docstatus tinyint not null default '0',
			idx int not null default '0',
			`course` varchar(140),
`course_name` varchar(140),
`required` tinyint(4) NOT NULL DEFAULT 1,
parent varchar(140),
parentfield varchar(140),
parenttype varchar(140),
index parent(parent))
			ENGINE=InnoDB
			ROW_FORMAT=DYNAMIC
			CHARACTER SET=utf8mb4
			COLLATE=utf8mb4_unicode_ci
2025-10-26 19:31:06,972 WARNING database DDL Query made to DB:
create table `tabStudent Log` (
			name varchar(140) primary key,
			creation datetime(6),
			modified datetime(6),
			modified_by varchar(140),
			owner varchar(140),
			docstatus tinyint not null default '0',
			idx int not null default '0',
			`student` varchar(140),
`student_name` varchar(140),
`type` varchar(140),
`date` date,
`academic_year` varchar(140),
`academic_term` varchar(140),
`program` varchar(140),
`student_batch` varchar(140),
`log` longtext,
`_user_tags` text,
`_comments` text,
`_assign` text,
`_liked_by` text,
`_seen` text,
index creation(creation),
index modified(modified))
			ENGINE=InnoDB
			ROW_FORMAT=DYNAMIC
			CHARACTER SET=utf8mb4
			COLLATE=utf8mb4_unicode_ci
2025-10-26 19:31:07,119 WARNING database DDL Query made to DB:
create table `tabStudent Group Student` (
			name varchar(140) primary key,
			creation datetime(6),
			modified datetime(6),
			modified_by varchar(140),
			owner varchar(140),
			docstatus tinyint not null default '0',
			idx int not null default '0',
			`student` varchar(140),
`student_name` varchar(140),
`group_roll_number` int(11) NOT NULL DEFAULT 0,
`active` tinyint(4) NOT NULL DEFAULT 1,
parent varchar(140),
parentfield varchar(140),
parenttype varchar(140),
index parent(parent))
			ENGINE=InnoDB
			ROW_FORMAT=DYNAMIC
			CHARACTER SET=utf8mb4
			COLLATE=utf8mb4_unicode_ci
2025-10-26 19:31:07,278 WARNING database DDL Query made to DB:
create table `tabGuardian Interest` (
			name varchar(140) primary key,
			creation datetime(6),
			modified datetime(6),
			modified_by varchar(140),
			owner varchar(140),
			docstatus tinyint not null default '0',
			idx int not null default '0',
			`interest` varchar(140),
parent varchar(140),
parentfield varchar(140),
parenttype varchar(140),
index parent(parent))
			ENGINE=InnoDB
			ROW_FORMAT=DYNAMIC
			CHARACTER SET=utf8mb4
			COLLATE=utf8mb4_unicode_ci
2025-10-26 19:31:07,556 WARNING database DDL Query made to DB:
create table `tabFee Category Default` (
			name varchar(140) primary key,
			creation datetime(6),
			modified datetime(6),
			modified_by varchar(140),
			owner varchar(140),
			docstatus tinyint not null default '0',
			idx int not null default '0',
			`company` varchar(140),
`income_account` varchar(140),
`selling_cost_center` varchar(140),
parent varchar(140),
parentfield varchar(140),
parenttype varchar(140),
index parent(parent))
			ENGINE=InnoDB
			ROW_FORMAT=DYNAMIC
			CHARACTER SET=utf8mb4
			COLLATE=utf8mb4_unicode_ci
2025-10-26 19:31:07,905 WARNING database DDL Query made to DB:
create table `tabFees` (
			name varchar(140) primary key,
			creation datetime(6),
			modified datetime(6),
			modified_by varchar(140),
			owner varchar(140),
			docstatus tinyint not null default '0',
			idx int not null default '0',
			`naming_series` varchar(140),
`student` varchar(140),
`student_name` varchar(140),
`include_payment` tinyint(4) NOT NULL DEFAULT 0,
`send_payment_request` tinyint(4) NOT NULL DEFAULT 0,
`company` varchar(140),
`posting_date` date,
`posting_time` time(6),
`due_date` date,
`set_posting_time` tinyint(4) NOT NULL DEFAULT 0,
`program_enrollment` varchar(140),
`program` varchar(140),
`academic_year` varchar(140),
`academic_term` varchar(140),
`fee_structure` varchar(140),
`fee_schedule` varchar(140),
`currency` varchar(140),
`amended_from` varchar(140),
`grand_total` decimal(21,9) NOT NULL DEFAULT 0.0,
`grand_total_in_words` varchar(240),
`outstanding_amount` decimal(21,9) NOT NULL DEFAULT 0.0,
`contact_email` varchar(140),
`student_category` varchar(140),
`student_batch` varchar(140),
`receivable_account` varchar(140),
`income_account` varchar(140),
`cost_center` varchar(140),
`letter_head` varchar(140),
`select_print_heading` varchar(140),
`_user_tags` text,
`_comments` text,
`_assign` text,
`_liked_by` text,
index `posting_date`(`posting_date`),
index creation(creation),
index modified(modified))
			ENGINE=InnoDB
			ROW_FORMAT=DYNAMIC
			CHARACTER SET=utf8mb4
			COLLATE=utf8mb4_unicode_ci
2025-10-26 19:31:08,051 WARNING database DDL Query made to DB:
create table `tabStudent Sibling` (
			name varchar(140) primary key,
			creation datetime(6),
			modified datetime(6),
			modified_by varchar(140),
			owner varchar(140),
			docstatus tinyint not null default '0',
			idx int not null default '0',
			`studying_in_same_institute` varchar(140),
`full_name` varchar(140),
`gender` varchar(140),
`student` varchar(140),
`institution` varchar(140),
`program` varchar(140),
`date_of_birth` date,
parent varchar(140),
parentfield varchar(140),
parenttype varchar(140),
index parent(parent))
			ENGINE=InnoDB
			ROW_FORMAT=DYNAMIC
			CHARACTER SET=utf8mb4
			COLLATE=utf8mb4_unicode_ci
2025-10-26 19:31:08,208 WARNING database DDL Query made to DB:
create table `tabFee Schedule Student Group` (
			name varchar(140) primary key,
			creation datetime(6),
			modified datetime(6),
			modified_by varchar(140),
			owner varchar(140),
			docstatus tinyint not null default '0',
			idx int not null default '0',
			`student_group` varchar(140),
`total_students` varchar(140),
parent varchar(140),
parentfield varchar(140),
parenttype varchar(140),
index parent(parent))
			ENGINE=InnoDB
			ROW_FORMAT=DYNAMIC
			CHARACTER SET=utf8mb4
			COLLATE=utf8mb4_unicode_ci
2025-10-26 19:31:08,352 WARNING database DDL Query made to DB:
create table `tabFee Schedule Program` (
			name varchar(140) primary key,
			creation datetime(6),
			modified datetime(6),
			modified_by varchar(140),
			owner varchar(140),
			docstatus tinyint not null default '0',
			idx int not null default '0',
			`program` varchar(140),
`student_batch` varchar(140),
`total_students` varchar(140),
parent varchar(140),
parentfield varchar(140),
parenttype varchar(140),
index parent(parent))
			ENGINE=InnoDB
			ROW_FORMAT=DYNAMIC
			CHARACTER SET=utf8mb4
			COLLATE=utf8mb4_unicode_ci
2025-10-26 19:31:08,513 WARNING database DDL Query made to DB:
create table `tabArticle` (
			name varchar(140) primary key,
			creation datetime(6),
			modified datetime(6),
			modified_by varchar(140),
			owner varchar(140),
			docstatus tinyint not null default '0',
			idx int not null default '0',
			`title` varchar(140) UNIQUE,
`author` varchar(140),
`content` longtext,
`publish_date` date,
`_user_tags` text,
`_comments` text,
`_assign` text,
`_liked_by` text,
index creation(creation),
index modified(modified))
			ENGINE=InnoDB
			ROW_FORMAT=DYNAMIC
			CHARACTER SET=utf8mb4
			COLLATE=utf8mb4_unicode_ci
2025-10-26 19:31:08,773 WARNING database DDL Query made to DB:
create table `tabAssessment Result` (
			name varchar(140) primary key,
			creation datetime(6),
			modified datetime(6),
			modified_by varchar(140),
			owner varchar(140),
			docstatus tinyint not null default '0',
			idx int not null default '0',
			`assessment_plan` varchar(140),
`program` varchar(140),
`course` varchar(140),
`academic_year` varchar(140),
`academic_term` varchar(140),
`student` varchar(140),
`student_name` varchar(140),
`student_group` varchar(140),
`assessment_group` varchar(140),
`grading_scale` varchar(140),
`maximum_score` decimal(21,9) NOT NULL DEFAULT 0.0,
`total_score` decimal(21,9) NOT NULL DEFAULT 0.0,
`grade` varchar(140),
`comment` text,
`amended_from` varchar(140),
`_user_tags` text,
`_comments` text,
`_assign` text,
`_liked_by` text,
index creation(creation),
index modified(modified))
			ENGINE=InnoDB
			ROW_FORMAT=DYNAMIC
			CHARACTER SET=utf8mb4
			COLLATE=utf8mb4_unicode_ci
2025-10-26 19:31:08,916 WARNING database DDL Query made to DB:
create table `tabQuiz Question` (
			name varchar(140) primary key,
			creation datetime(6),
			modified datetime(6),
			modified_by varchar(140),
			owner varchar(140),
			docstatus tinyint not null default '0',
			idx int not null default '0',
			`question_link` varchar(140),
`question` longtext,
parent varchar(140),
parentfield varchar(140),
parenttype varchar(140),
index parent(parent))
			ENGINE=InnoDB
			ROW_FORMAT=DYNAMIC
			CHARACTER SET=utf8mb4
			COLLATE=utf8mb4_unicode_ci
2025-10-26 19:31:09,082 WARNING database DDL Query made to DB:
create table `tabRoom` (
			name varchar(140) primary key,
			creation datetime(6),
			modified datetime(6),
			modified_by varchar(140),
			owner varchar(140),
			docstatus tinyint not null default '0',
			idx int not null default '0',
			`room_name` varchar(140),
`room_number` varchar(140),
`seating_capacity` varchar(140),
`_user_tags` text,
`_comments` text,
`_assign` text,
`_liked_by` text,
index creation(creation),
index modified(modified))
			ENGINE=InnoDB
			ROW_FORMAT=DYNAMIC
			CHARACTER SET=utf8mb4
			COLLATE=utf8mb4_unicode_ci
2025-10-26 19:31:09,240 WARNING database DDL Query made to DB:
create table `tabCourse Assessment Criteria` (
			name varchar(140) primary key,
			creation datetime(6),
			modified datetime(6),
			modified_by varchar(140),
			owner varchar(140),
			docstatus tinyint not null default '0',
			idx int not null default '0',
			`assessment_criteria` varchar(140),
`weightage` decimal(21,9) NOT NULL DEFAULT 0.0,
parent varchar(140),
parentfield varchar(140),
parenttype varchar(140),
index parent(parent))
			ENGINE=InnoDB
			ROW_FORMAT=DYNAMIC
			CHARACTER SET=utf8mb4
			COLLATE=utf8mb4_unicode_ci
2025-10-26 19:31:09,400 WARNING database DDL Query made to DB:
create table `tabProgram Enrollment Fee` (
			name varchar(140) primary key,
			creation datetime(6),
			modified datetime(6),
			modified_by varchar(140),
			owner varchar(140),
			docstatus tinyint not null default '0',
			idx int not null default '0',
			`academic_term` varchar(140),
`fee_structure` varchar(140),
`due_date` date,
`amount` decimal(21,9) NOT NULL DEFAULT 0.0,
parent varchar(140),
parentfield varchar(140),
parenttype varchar(140),
index parent(parent))
			ENGINE=InnoDB
			ROW_FORMAT=DYNAMIC
			CHARACTER SET=utf8mb4
			COLLATE=utf8mb4_unicode_ci
2025-10-26 19:31:09,839 WARNING database DDL Query made to DB:
create table `tabGuardian` (
			name varchar(140) primary key,
			creation datetime(6),
			modified datetime(6),
			modified_by varchar(140),
			owner varchar(140),
			docstatus tinyint not null default '0',
			idx int not null default '0',
			`guardian_name` varchar(140),
`email_address` varchar(140),
`mobile_number` varchar(140),
`alternate_number` varchar(140),
`date_of_birth` date,
`user` varchar(140),
`education` varchar(140),
`occupation` varchar(140),
`designation` varchar(140),
`work_address` text,
`image` text,
`_user_tags` text,
`_comments` text,
`_assign` text,
`_liked_by` text,
index creation(creation),
index modified(modified))
			ENGINE=InnoDB
			ROW_FORMAT=DYNAMIC
			CHARACTER SET=utf8mb4
			COLLATE=utf8mb4_unicode_ci
2025-10-26 19:31:10,022 WARNING database DDL Query made to DB:
create table `tabQuiz` (
			name varchar(140) primary key,
			creation datetime(6),
			modified datetime(6),
			modified_by varchar(140),
			owner varchar(140),
			docstatus tinyint not null default '0',
			idx int not null default '0',
			`title` varchar(140) UNIQUE,
`passing_score` decimal(21,9) NOT NULL DEFAULT 75.0,
`max_attempts` int(11) NOT NULL DEFAULT 1,
`grading_basis` varchar(140) DEFAULT 'Latest Highest Score',
`is_time_bound` tinyint(4) NOT NULL DEFAULT 0,
`duration` decimal(21,9),
`_user_tags` text,
`_comments` text,
`_assign` text,
`_liked_by` text,
index creation(creation),
index modified(modified))
			ENGINE=InnoDB
			ROW_FORMAT=DYNAMIC
			CHARACTER SET=utf8mb4
			COLLATE=utf8mb4_unicode_ci
2025-10-26 19:31:10,282 WARNING database DDL Query made to DB:
create table `tabProgram Fee` (
			name varchar(140) primary key,
			creation datetime(6),
			modified datetime(6),
			modified_by varchar(140),
			owner varchar(140),
			docstatus tinyint not null default '0',
			idx int not null default '0',
			`academic_term` varchar(140),
`fee_schedule` varchar(140),
`student_category` varchar(140),
`due_date` date,
`amount` decimal(21,9) NOT NULL DEFAULT 0.0,
parent varchar(140),
parentfield varchar(140),
parenttype varchar(140),
index parent(parent))
			ENGINE=InnoDB
			ROW_FORMAT=DYNAMIC
			CHARACTER SET=utf8mb4
			COLLATE=utf8mb4_unicode_ci
2025-10-26 19:31:10,463 WARNING database DDL Query made to DB:
create table `tabStudent Group` (
			name varchar(140) primary key,
			creation datetime(6),
			modified datetime(6),
			modified_by varchar(140),
			owner varchar(140),
			docstatus tinyint not null default '0',
			idx int not null default '0',
			`academic_year` varchar(140),
`group_based_on` varchar(140),
`student_group_name` varchar(140) UNIQUE,
`max_strength` int(11) NOT NULL DEFAULT 0,
`academic_term` varchar(140),
`program` varchar(140),
`batch` varchar(140),
`student_category` varchar(140),
`course` varchar(140),
`disabled` tinyint(4) NOT NULL DEFAULT 0,
`_user_tags` text,
`_comments` text,
`_assign` text,
`_liked_by` text,
index creation(creation),
index modified(modified))
			ENGINE=InnoDB
			ROW_FORMAT=DYNAMIC
			CHARACTER SET=utf8mb4
			COLLATE=utf8mb4_unicode_ci
2025-10-26 19:31:10,813 WARNING database DDL Query made to DB:
create table `tabStudent` (
			name varchar(140) primary key,
			creation datetime(6),
			modified datetime(6),
			modified_by varchar(140),
			owner varchar(140),
			docstatus tinyint not null default '0',
			idx int not null default '0',
			`enabled` tinyint(4) NOT NULL DEFAULT 1,
`first_name` varchar(140),
`middle_name` varchar(140),
`last_name` varchar(140),
`naming_series` varchar(140),
`joining_date` date,
`user` varchar(140),
`student_applicant` varchar(140),
`image` text,
`student_email_id` varchar(140) UNIQUE,
`date_of_birth` date,
`blood_group` varchar(140),
`student_mobile_number` varchar(140),
`gender` varchar(140),
`nationality` varchar(140),
`address_line_1` varchar(140),
`address_line_2` varchar(140),
`pincode` varchar(140),
`city` varchar(140),
`state` varchar(140),
`country` varchar(140),
`customer` varchar(140),
`customer_group` varchar(140),
`date_of_leaving` date,
`leaving_certificate_number` varchar(140),
`reason_for_leaving` text,
`student_name` varchar(140),
`_user_tags` text,
`_comments` text,
`_assign` text,
`_liked_by` text,
index creation(creation),
index modified(modified))
			ENGINE=InnoDB
			ROW_FORMAT=DYNAMIC
			CHARACTER SET=utf8mb4
			COLLATE=utf8mb4_unicode_ci
2025-10-26 19:31:11,051 WARNING database DDL Query made to DB:
create table `tabCourse Activity` (
			name varchar(140) primary key,
			creation datetime(6),
			modified datetime(6),
			modified_by varchar(140),
			owner varchar(140),
			docstatus tinyint not null default '0',
			idx int not null default '0',
			`enrollment` varchar(140),
`course` varchar(140),
`student` varchar(140),
`content_type` varchar(140),
`content` varchar(140),
`activity_date` datetime(6),
`_user_tags` text,
`_comments` text,
`_assign` text,
`_liked_by` text,
index creation(creation),
index modified(modified))
			ENGINE=InnoDB
			ROW_FORMAT=DYNAMIC
			CHARACTER SET=utf8mb4
			COLLATE=utf8mb4_unicode_ci
2025-10-26 19:31:11,656 WARNING database DDL Query made to DB:
create table `tabStudent Applicant` (
			name varchar(140) primary key,
			creation datetime(6),
			modified datetime(6),
			modified_by varchar(140),
			owner varchar(140),
			docstatus tinyint not null default '0',
			idx int not null default '0',
			`first_name` varchar(140),
`middle_name` varchar(140),
`last_name` varchar(140),
`naming_series` varchar(140),
`application_date` date,
`application_status` varchar(140),
`program` varchar(140),
`student_email_id` varchar(140) UNIQUE,
`student_admission` varchar(140),
`student_category` varchar(140),
`image` text,
`academic_year` varchar(140),
`academic_term` varchar(140),
`paid` tinyint(4) NOT NULL DEFAULT 0,
`title` varchar(140),
`amended_from` varchar(140),
`date_of_birth` date,
`gender` varchar(140),
`blood_group` varchar(140),
`student_mobile_number` varchar(140),
`nationality` varchar(140),
`address_line_1` varchar(140),
`address_line_2` varchar(140),
`city` varchar(140),
`state` varchar(140),
`pincode` varchar(140),
`country` varchar(140),
`_user_tags` text,
`_comments` text,
`_assign` text,
`_liked_by` text,
index creation(creation),
index modified(modified))
			ENGINE=InnoDB
			ROW_FORMAT=DYNAMIC
			CHARACTER SET=utf8mb4
			COLLATE=utf8mb4_unicode_ci
2025-10-26 19:31:11,878 WARNING database DDL Query made to DB:
create table `tabOptions` (
			name varchar(140) primary key,
			creation datetime(6),
			modified datetime(6),
			modified_by varchar(140),
			owner varchar(140),
			docstatus tinyint not null default '0',
			idx int not null default '0',
			`option` text,
`is_correct` tinyint(4) NOT NULL DEFAULT 0,
parent varchar(140),
parentfield varchar(140),
parenttype varchar(140),
index parent(parent))
			ENGINE=InnoDB
			ROW_FORMAT=DYNAMIC
			CHARACTER SET=utf8mb4
			COLLATE=utf8mb4_unicode_ci
2025-10-26 19:31:12,543 WARNING database DDL Query made to DB:
create table `tabGuardian Student` (
			name varchar(140) primary key,
			creation datetime(6),
			modified datetime(6),
			modified_by varchar(140),
			owner varchar(140),
			docstatus tinyint not null default '0',
			idx int not null default '0',
			`student` varchar(140),
`student_name` varchar(140),
parent varchar(140),
parentfield varchar(140),
parenttype varchar(140),
index parent(parent))
			ENGINE=InnoDB
			ROW_FORMAT=DYNAMIC
			CHARACTER SET=utf8mb4
			COLLATE=utf8mb4_unicode_ci
2025-10-26 19:31:12,840 WARNING database DDL Query made to DB:
create table `tabStudent Admission` (
			name varchar(140) primary key,
			creation datetime(6),
			modified datetime(6),
			modified_by varchar(140),
			owner varchar(140),
			docstatus tinyint not null default '0',
			idx int not null default '0',
			`title` varchar(140),
`route` varchar(140) UNIQUE,
`published` tinyint(4) NOT NULL DEFAULT 0,
`enable_admission_application` tinyint(4) NOT NULL DEFAULT 0,
`academic_year` varchar(140),
`admission_start_date` date,
`admission_end_date` date,
`introduction` longtext,
`_user_tags` text,
`_comments` text,
`_assign` text,
`_liked_by` text,
index creation(creation),
index modified(modified))
			ENGINE=InnoDB
			ROW_FORMAT=DYNAMIC
			CHARACTER SET=utf8mb4
			COLLATE=utf8mb4_unicode_ci
2025-10-26 19:31:13,090 WARNING database DDL Query made to DB:
create table `tabGrading Scale` (
			name varchar(140) primary key,
			creation datetime(6),
			modified datetime(6),
			modified_by varchar(140),
			owner varchar(140),
			docstatus tinyint not null default '0',
			idx int not null default '0',
			`grading_scale_name` varchar(140) UNIQUE,
`amended_from` varchar(140),
`description` text,
`_user_tags` text,
`_comments` text,
`_assign` text,
`_liked_by` text,
index creation(creation),
index modified(modified))
			ENGINE=InnoDB
			ROW_FORMAT=DYNAMIC
			CHARACTER SET=utf8mb4
			COLLATE=utf8mb4_unicode_ci
2025-10-26 19:31:13,358 WARNING database DDL Query made to DB:
create table `tabStudent Batch Name` (
			name varchar(140) primary key,
			creation datetime(6),
			modified datetime(6),
			modified_by varchar(140),
			owner varchar(140),
			docstatus tinyint not null default '0',
			idx int not null default '0',
			`batch_name` varchar(140),
`_user_tags` text,
`_comments` text,
`_assign` text,
`_liked_by` text,
index creation(creation),
index modified(modified))
			ENGINE=InnoDB
			ROW_FORMAT=DYNAMIC
			CHARACTER SET=utf8mb4
			COLLATE=utf8mb4_unicode_ci
2025-10-26 19:31:13,573 WARNING database DDL Query made to DB:
create table `tabProgram Enrollment Course` (
			name varchar(140) primary key,
			creation datetime(6),
			modified datetime(6),
			modified_by varchar(140),
			owner varchar(140),
			docstatus tinyint not null default '0',
			idx int not null default '0',
			`course` varchar(140),
`course_name` varchar(140),
parent varchar(140),
parentfield varchar(140),
parenttype varchar(140),
index parent(parent))
			ENGINE=InnoDB
			ROW_FORMAT=DYNAMIC
			CHARACTER SET=utf8mb4
			COLLATE=utf8mb4_unicode_ci
2025-10-26 19:31:13,807 WARNING database DDL Query made to DB:
create table `tabCourse` (
			name varchar(140) primary key,
			creation datetime(6),
			modified datetime(6),
			modified_by varchar(140),
			owner varchar(140),
			docstatus tinyint not null default '0',
			idx int not null default '0',
			`course_name` varchar(140) UNIQUE,
`department` varchar(140),
`hero_image` text,
`description` text,
`default_grading_scale` varchar(140),
`_user_tags` text,
`_comments` text,
`_assign` text,
`_liked_by` text,
index creation(creation),
index modified(modified))
			ENGINE=InnoDB
			ROW_FORMAT=DYNAMIC
			CHARACTER SET=utf8mb4
			COLLATE=utf8mb4_unicode_ci
2025-10-26 19:31:14,176 WARNING database DDL Query made to DB:
create table `tabProgram` (
			name varchar(140) primary key,
			creation datetime(6),
			modified datetime(6),
			modified_by varchar(140),
			owner varchar(140),
			docstatus tinyint not null default '0',
			idx int not null default '0',
			`program_name` varchar(140) UNIQUE,
`department` varchar(140),
`hero_image` text,
`program_abbreviation` varchar(140),
`_user_tags` text,
`_comments` text,
`_assign` text,
`_liked_by` text,
index creation(creation),
index modified(modified))
			ENGINE=InnoDB
			ROW_FORMAT=DYNAMIC
			CHARACTER SET=utf8mb4
			COLLATE=utf8mb4_unicode_ci
2025-10-26 19:31:19,038 WARNING database DDL Query made to DB:
ALTER TABLE `tabSales Invoice` ADD COLUMN `student` varchar(140), ADD COLUMN `fee_schedule` varchar(140)
2025-10-26 19:31:19,208 WARNING database DDL Query made to DB:
ALTER TABLE `tabSales Order` ADD COLUMN `student` varchar(140), ADD COLUMN `fee_schedule` varchar(140)
2025-10-26 19:31:22,364 WARNING database DDL Query made to DB:
create table `tabRecording Drive Upload Log` (
			name varchar(140) primary key,
			creation datetime(6),
			modified datetime(6),
			modified_by varchar(140),
			owner varchar(140),
			docstatus tinyint not null default '0',
			idx int not null default '0',
			`live_class` varchar(140),
`drive_link` varchar(140),
`amended_from` varchar(140),
`_user_tags` text,
`_comments` text,
`_assign` text,
`_liked_by` text,
index `amended_from`(`amended_from`),
index creation(creation))
			ENGINE=InnoDB
			ROW_FORMAT=DYNAMIC
			CHARACTER SET=utf8mb4
			COLLATE=utf8mb4_unicode_ci
2025-10-26 19:31:22,731 WARNING database DDL Query made to DB:
create table `tabClass Drive Upload Item` (
			name varchar(140) primary key,
			creation datetime(6),
			modified datetime(6),
			modified_by varchar(140),
			owner varchar(140),
			docstatus tinyint not null default '0',
			idx int not null default '0',
			`log` varchar(140),
`drive_url` varchar(140),
parent varchar(140),
parentfield varchar(140),
parenttype varchar(140),
index parent(parent))
			ENGINE=InnoDB
			ROW_FORMAT=DYNAMIC
			CHARACTER SET=utf8mb4
			COLLATE=utf8mb4_unicode_ci
2025-10-26 19:31:25,032 WARNING database DDL Query made to DB:
ALTER TABLE `tabLMS Batch` ADD COLUMN `custom_recordings_url` varchar(140)
2025-10-26 19:31:25,238 WARNING database DDL Query made to DB:
ALTER TABLE `tabLMS Live Class` ADD COLUMN `custom_recording_uploaded` tinyint(4) NOT NULL DEFAULT 0, ADD COLUMN `custom_recording_announced` tinyint(4) NOT NULL DEFAULT 0
